<?xml version="1.0" encoding="UTF-8"?>
<testng-results ignored="0" total="1" passed="1" failed="0" skipped="0">
  <reporter-output>
  </reporter-output>
  <suite started-at="2022-05-25T17:03:45 IST" name="Suite" finished-at="2022-05-25T17:05:27 IST" duration-ms="102346">
    <groups>
      <group name="cucumber">
        <method signature="AbstractTestNGCucumberTests.runScenario(io.cucumber.testng.PickleWrapper, io.cucumber.testng.FeatureWrapper)[pri:0, instance:MasterData.Runner_MasterData@1c1bbc4e]" name="runScenario" class="io.cucumber.testng.AbstractTestNGCucumberTests"/>
      </group> <!-- cucumber -->
    </groups>
    <test started-at="2022-05-25T17:03:45 IST" name="Test" finished-at="2022-05-25T17:05:27 IST" duration-ms="102346">
      <class name="MasterData.Runner_MasterData">
        <test-method is-config="true" signature="setUpClass()[pri:0, instance:MasterData.Runner_MasterData@1c1bbc4e]" started-at="2022-05-25T17:03:45 IST" name="setUpClass" finished-at="2022-05-25T17:03:46 IST" duration-ms="1312" status="PASS">
          <reporter-output>
          </reporter-output>
        </test-method> <!-- setUpClass -->
        <test-method signature="runScenario(io.cucumber.testng.PickleWrapper, io.cucumber.testng.FeatureWrapper)[pri:0, instance:MasterData.Runner_MasterData@1c1bbc4e]" started-at="2022-05-25T17:03:46 IST" name="runScenario" description="Runs Cucumber Scenarios" data-provider="scenarios" finished-at="2022-05-25T17:05:20 IST" duration-ms="94058" status="PASS">
          <params>
            <param index="0">
              <value>
                <![CDATA["Check Release Page"]]>
              </value>
            </param>
            <param index="1">
              <value>
                <![CDATA["Optional[Releases Page Feature]"]]>
              </value>
            </param>
          </params>
          <reporter-output>
          </reporter-output>
        </test-method> <!-- runScenario -->
        <test-method is-config="true" signature="tearDownClass()[pri:0, instance:MasterData.Runner_MasterData@1c1bbc4e]" started-at="2022-05-25T17:05:20 IST" name="tearDownClass" finished-at="2022-05-25T17:05:27 IST" duration-ms="6909" status="PASS">
          <reporter-output>
          </reporter-output>
        </test-method> <!-- tearDownClass -->
      </class> <!-- MasterData.Runner_MasterData -->
    </test> <!-- Test -->
  </suite> <!-- Suite -->
</testng-results>
